<?xml version="1.0" encoding="UTF-8"?>
<testng-results ignored="0" total="0" passed="0" failed="0" skipped="0">
  <reporter-output>
  </reporter-output>
  <suite started-at="2026-02-20T16:08:46 CLST" name="Surefire suite" finished-at="2026-02-20T16:09:01 CLST" duration-ms="14438">
    <groups>
    </groups>
    <test started-at="2026-02-20T16:08:46 CLST" name="Surefire test" finished-at="2026-02-20T16:09:01 CLST" duration-ms="14438">
    </test> <!-- Surefire test -->
  </suite> <!-- Surefire suite -->
</testng-results>
